0 info it worked if it ends with ok
1 verbose cli [ '/usr/local/bin/iojs', '/usr/local/bin/npm', 'run', 'test' ]
2 info using npm@2.13.3
3 info using node@v3.1.0
4 verbose run-script [ 'pretest', 'test', 'posttest' ]
5 info pretest react-form-controlled@0.10.0
6 info test react-form-controlled@0.10.0
7 verbose unsafe-perm in lifecycle true
8 info react-form-controlled@0.10.0 Failed to exec test script
9 verbose stack Error: react-form-controlled@0.10.0 test: `babel-node ./node_modules/gulp/bin/gulp.js test`
9 verbose stack Exit status 1
9 verbose stack     at EventEmitter.<anonymous> (/usr/local/lib/node_modules/npm/lib/utils/lifecycle.js:214:16)
9 verbose stack     at emitTwo (events.js:87:13)
9 verbose stack     at EventEmitter.emit (events.js:172:7)
9 verbose stack     at ChildProcess.<anonymous> (/usr/local/lib/node_modules/npm/lib/utils/spawn.js:24:14)
9 verbose stack     at emitTwo (events.js:87:13)
9 verbose stack     at ChildProcess.emit (events.js:172:7)
9 verbose stack     at maybeClose (internal/child_process.js:764:16)
9 verbose stack     at Process.ChildProcess._handle.onexit (internal/child_process.js:211:5)
10 verbose pkgid react-form-controlled@0.10.0
11 verbose cwd /Users/seeden/Documents/git/react-form-controlled
12 error Darwin 15.2.0
13 error argv "/usr/local/bin/iojs" "/usr/local/bin/npm" "run" "test"
14 error node v3.1.0
15 error npm  v2.13.3
16 error code ELIFECYCLE
17 error react-form-controlled@0.10.0 test: `babel-node ./node_modules/gulp/bin/gulp.js test`
17 error Exit status 1
18 error Failed at the react-form-controlled@0.10.0 test script 'babel-node ./node_modules/gulp/bin/gulp.js test'.
18 error This is most likely a problem with the react-form-controlled package,
18 error not with npm itself.
18 error Tell the author that this fails on your system:
18 error     babel-node ./node_modules/gulp/bin/gulp.js test
18 error You can get their info via:
18 error     npm owner ls react-form-controlled
18 error There is likely additional logging output above.
19 verbose exit [ 1, true ]
